26 Feb 2018 12:20:17,911  INFO GUI:2812 - P(1) Player 1 place settlement
26 Feb 2018 12:20:17,911  INFO GUI:2812 - P(1) Player 1 place settlement
26 Feb 2018 12:21:08,810  INFO GUI:2812 - P(1) Player 1 placed a settlement on vertex 155
26 Feb 2018 12:21:08,810  INFO GUI:2812 - P(1) Player 1 placed a settlement on vertex 155
26 Feb 2018 12:21:08,812  INFO GUI:2812 - P(1) Player 1 position road or ship
26 Feb 2018 12:21:08,812  INFO GUI:2812 - P(1) Player 1 position road or ship
26 Feb 2018 12:21:08,819  INFO GUI:2812 - P(1) Player 1 place road
26 Feb 2018 12:21:08,819  INFO GUI:2812 - P(1) Player 1 place road
26 Feb 2018 12:21:14,264  INFO GUI:2812 - P(1) Player 1 placing a road on edge 229
26 Feb 2018 12:21:14,264  INFO GUI:2812 - P(1) Player 1 placing a road on edge 229
26 Feb 2018 12:21:16,266  INFO GUI:2812 - P(1) Player 1 has discoverd a new territory: MOUNTAINS
26 Feb 2018 12:21:16,266  INFO GUI:2812 - P(1) Player 1 has discoverd a new territory: MOUNTAINS
26 Feb 2018 12:21:16,267  INFO GUI:2812 - P(1) Player 1 is an Explorer!
26 Feb 2018 12:21:16,267  INFO GUI:2812 - P(1) Player 1 is an Explorer!
26 Feb 2018 12:29:45,359  INFO GUI:2812 - P(1) Player 1 place settlement
26 Feb 2018 12:29:45,359  INFO GUI:2812 - P(1) Player 1 place settlement
26 Feb 2018 12:30:02,231  INFO GUI:2812 - P(1) Player 1 place settlement
26 Feb 2018 12:30:02,231  INFO GUI:2812 - P(1) Player 1 place settlement
26 Feb 2018 12:30:20,684  INFO GUI:2812 - P(1) Player 1 placed a settlement on vertex 145
26 Feb 2018 12:30:20,684  INFO GUI:2812 - P(1) Player 1 placed a settlement on vertex 145
26 Feb 2018 12:30:20,684  INFO GUI:2812 - P(1) Player 1 position road or ship
26 Feb 2018 12:30:20,684  INFO GUI:2812 - P(1) Player 1 position road or ship
26 Feb 2018 12:30:20,687  INFO GUI:2812 - P(1) Player 1 place road
26 Feb 2018 12:30:20,687  INFO GUI:2812 - P(1) Player 1 place road
26 Feb 2018 12:30:42,068  INFO GUI:2812 - P(1) Player 1 placing a road on edge 211
26 Feb 2018 12:30:42,068  INFO GUI:2812 - P(1) Player 1 placing a road on edge 211
26 Feb 2018 12:30:44,074  INFO GUI:2812 - P(1) Player 1 has discoverd a new territory: MOUNTAINS
26 Feb 2018 12:30:44,074  INFO GUI:2812 - P(1) Player 1 has discoverd a new territory: MOUNTAINS
26 Feb 2018 12:30:44,074  INFO GUI:2812 - P(1) Player 1 is an Explorer!
26 Feb 2018 12:30:44,074  INFO GUI:2812 - P(1) Player 1 is an Explorer!
